<?xml version="1.0" encoding="UTF-8"?>
<!-- Generated by org.testng.reporters.JUnitReportReporter -->
<testsuite hostname="360NDCPC067" name="STTA.MavenProject.WebDriverTest" tests="1" failures="0" timestamp="13 Sep 2017 04:57:35 GMT" time="252.161" errors="0">
  <testcase name="testToCompareDoubles" time="252.161" classname="STTA.MavenProject.WebDriverTest"/>
</testsuite> <!-- STTA.MavenProject.WebDriverTest -->
